<?xml version="1.0" encoding="UTF-8"?>
<testsuite xmlns:xsi="http://www.w3.org/2001/XMLSchema-instance" xsi:noNamespaceSchemaLocation="https://maven.apache.org/surefire/maven-surefire-plugin/xsd/surefire-test-report.xsd" name="cucumberRunner.TestRunner3" time="1.555" tests="6" errors="0" skipped="0" failures="0">
  <properties>
[...]
</properties>
  <testcase name="Given traded date between &quot;27/11/2017 23:11:01&quot; and &quot;02/12/2017 23:11:01&quot;" classname="| 27/11/2017 23:11:01 | 02/12/2017 23:11:01 | IN1 |" time="0.001"/>
  <testcase name="Then verify the &quot;IN1&quot; traded volume between &quot;27/11/2017 23:11:01&quot; and &quot;02/12/2017 23:11:01&quot;" classname="| 27/11/2017 23:11:01 | 02/12/2017 23:11:01 | IN1 |" time="0"/>
  <testcase name="| 27/11/2017 23:11:01 | 02/12/2017 23:11:01 | IN1 |" classname="| 27/11/2017 23:11:01 | 02/12/2017 23:11:01 | IN1 |" time="0"/>
  <testcase name="Given traded date not between &quot;01/12/2017 23:11:01&quot; and &quot;30/12/2017 23:11:01&quot;" classname="| 01/12/2017 23:11:01 | 30/12/2017 23:11:01 | IN2 |" time="0"/>
  <testcase name="Then &quot;IN2&quot; should be present in the list of untraded instrument between &quot;01/12/2017 23:11:01&quot; and &quot;30/12/2017 23:11:01&quot;" classname="| 01/12/2017 23:11:01 | 30/12/2017 23:11:01 | IN2 |" time="0"/>
  <testcase name="| 01/12/2017 23:11:01 | 30/12/2017 23:11:01 | IN2 |" classname="| 01/12/2017 23:11:01 | 30/12/2017 23:11:01 | IN2 |" time="0"/>
</testsuite>